<?xml version="1.0" encoding="UTF-8"?>
<testsuite xmlns:xsi="http://www.w3.org/2001/XMLSchema-instance" xsi:noNamespaceSchemaLocation="https://maven.apache.org/surefire/maven-surefire-plugin/xsd/surefire-test-report-3.0.xsd" version="3.0" name="com.ecobook.FirstIntegrationTest" time="0.115" tests="1" errors="0" skipped="0" failures="0">
  <properties>
[...]
</properties>
  <testcase name="testApplicationStartup" classname="com.ecobook.FirstIntegrationTest" time="0.105">
    <system-out><![CDATA[2026-05-04 15:26:43 - Neither @ContextConfiguration nor @ContextHierarchy found for test class [FirstIntegrationTest]: using SpringBootContextLoader
2026-05-04 15:26:43 - Could not detect default configuration classes for test class [com.ecobook.FirstIntegrationTest]: FirstIntegrationTest does not declare any static, non-private, non-final, nested classes annotated with @Configuration.
2026-05-04 15:26:43 - Using ContextCustomizerFactory implementations for test class [FirstIntegrationTest]: [ImportsContextCustomizerFactory, ExcludeFilterContextCustomizerFactory, HttpGraphQlTesterContextCustomizerFactory, DuplicateJsonObjectContextCustomizerFactory, MockitoContextCustomizerFactory, TestRestTemplateContextCustomizerFactory, WebTestClientContextCustomizerFactory, OverrideAutoConfigurationContextCustomizerFactory, ObservabilityContextCustomizerFactory, TypeExcludeFiltersContextCustomizerFactory, PropertyMappingContextCustomizerFactory, WebDriverContextCustomizerFactory, MockServerContainerContextCustomizerFactory, DynamicPropertiesContextCustomizerFactory]
2026-05-04 15:26:43 - Using ContextCustomizers for test class [FirstIntegrationTest]: [ImportsContextCustomizer, ExcludeFilterContextCustomizer, DuplicateJsonObjectContextCustomizer, MockitoContextCustomizer, TestRestTemplateContextCustomizer, DisableObservabilityContextCustomizer, PropertyMappingContextCustomizer, WebDriverContextCustomizer]
2026-05-04 15:26:43 - Found @SpringBootConfiguration com.ecobook.EcoBookApplication for test class com.ecobook.FirstIntegrationTest
2026-05-04 15:26:43 - Using TestExecutionListeners for test class [FirstIntegrationTest]: [ServletTestExecutionListener, DirtiesContextBeforeModesTestExecutionListener, ApplicationEventsTestExecutionListener, MockitoTestExecutionListener, DependencyInjectionTestExecutionListener, DirtiesContextTestExecutionListener, TransactionalTestExecutionListener, SqlScriptsTestExecutionListener, EventPublishingTestExecutionListener, WithSecurityContextTestExecutionListener, ReactorContextTestExecutionListener, ResetMocksTestExecutionListener, RestDocsTestExecutionListener, MockRestServiceServerResetTestExecutionListener, MockMvcPrintOnlyOnFailureTestExecutionListener, WebDriverTestExecutionListener, MockWebServiceServerTestExecutionListener]
2026-05-04 15:26:43 - Securing POST /v1/auth/register
2026-05-04 15:26:43 - Set SecurityContextHolder to anonymous SecurityContext
2026-05-04 15:26:43 - Secured POST /v1/auth/register
2026-05-04 15:26:43 - Mapped to com.ecobook.controller.AuthController#register(AuthRequestDTO)
2026-05-04 15:26:43 - Read "application/json;charset=UTF-8" to [AuthRequestDTO(googleToken=phase2-google-token)]
2026-05-04 15:26:43 - 
    /* <criteria> */ select
        u1_0.id,
        u1_0.atualizado_em,
        u1_0.bairro,
        u1_0.cidade,
        u1_0.consentimento_ia,
        u1_0.criado_em,
        u1_0.email,
        u1_0.google_id,
        u1_0.instituicao,
        u1_0.nome,
        u1_0.perfil_completo,
        u1_0.role,
        u1_0.whatsapp 
    from
        usuario u1_0 
    where
        u1_0.google_id=?
2026-05-04 15:26:43 - 
    /* select
        u 
    from
        Usuario u 
    where
        lower(u.email) = lower(?1) */ select
            u1_0.id,
            u1_0.atualizado_em,
            u1_0.bairro,
            u1_0.cidade,
            u1_0.consentimento_ia,
            u1_0.criado_em,
            u1_0.email,
            u1_0.google_id,
            u1_0.instituicao,
            u1_0.nome,
            u1_0.perfil_completo,
            u1_0.role,
            u1_0.whatsapp 
        from
            usuario u1_0 
        where
            lower(u1_0.email)=lower(?)
2026-05-04 15:26:43 - Using 'application/json', given [*/*] and supported [application/json, application/*+json]
2026-05-04 15:26:43 - Writing [AuthResponseDTO(id=fbdbe784-39c0-4b0f-b765-ef569bb75c50, email=flow@example.com, nome=Flow User, per (truncated)...]
2026-05-04 15:26:43 - Securing GET /v1/usuarios/me
2026-05-04 15:26:43 - Set authentication for user: flow@example.com
2026-05-04 15:26:43 - Secured GET /v1/usuarios/me
2026-05-04 15:26:43 - Mapped to com.ecobook.controller.UsuarioController#getMe(Authentication)
2026-05-04 15:26:43 - Authorizing method invocation ReflectiveMethodInvocation: public org.springframework.http.ResponseEntity com.ecobook.controller.UsuarioController.getMe(org.springframework.security.core.Authentication); target is of class [com.ecobook.controller.UsuarioController]
2026-05-04 15:26:43 - Authorized method invocation ReflectiveMethodInvocation: public org.springframework.http.ResponseEntity com.ecobook.controller.UsuarioController.getMe(org.springframework.security.core.Authentication); target is of class [com.ecobook.controller.UsuarioController]
2026-05-04 15:26:43 - 
    /* insert for
        com.ecobook.model.Usuario */insert 
    into
        usuario (atualizado_em, bairro, cidade, consentimento_ia, criado_em, email, google_id, instituicao, nome, perfil_completo, role, whatsapp, id) 
    values
        (?, ?, ?, ?, ?, ?, ?, ?, ?, ?, ?, ?, ?)
2026-05-04 15:26:43 - 
    /* select
        u 
    from
        Usuario u 
    where
        lower(u.email) = lower(?1) */ select
            u1_0.id,
            u1_0.atualizado_em,
            u1_0.bairro,
            u1_0.cidade,
            u1_0.consentimento_ia,
            u1_0.criado_em,
            u1_0.email,
            u1_0.google_id,
            u1_0.instituicao,
            u1_0.nome,
            u1_0.perfil_completo,
            u1_0.role,
            u1_0.whatsapp 
        from
            usuario u1_0 
        where
            lower(u1_0.email)=lower(?)
2026-05-04 15:26:43 - Using 'application/json', given [*/*] and supported [application/json, application/*+json]
2026-05-04 15:26:43 - Writing [UsuarioDTO(id=fbdbe784-39c0-4b0f-b765-ef569bb75c50, email=flow@example.com, nome=Flow User, whatsapp (truncated)...]
2026-05-04 15:26:43 - Securing GET /v1/health
2026-05-04 15:26:43 - Set SecurityContextHolder to anonymous SecurityContext
2026-05-04 15:26:43 - Secured GET /v1/health
2026-05-04 15:26:43 - Mapped to com.ecobook.controller.HealthController#health()
2026-05-04 15:26:43 - Using 'application/json', given [*/*] and supported [application/json, application/*+json]
2026-05-04 15:26:43 - Writing [{application=EcoBook IA Backend, version=1.0.0-SNAPSHOT, status=UP, timestamp=2026-05-04T15:26:43.70 (truncated)...]
2026-05-04 15:26:43 - Executing SQL query [SELECT 1]
2026-05-04 15:26:43 - 
    /* select
        u 
    from
        Usuario u 
    where
        lower(u.email) = lower(?1) */ select
            u1_0.id,
            u1_0.atualizado_em,
            u1_0.bairro,
            u1_0.cidade,
            u1_0.consentimento_ia,
            u1_0.criado_em,
            u1_0.email,
            u1_0.google_id,
            u1_0.instituicao,
            u1_0.nome,
            u1_0.perfil_completo,
            u1_0.role,
            u1_0.whatsapp 
        from
            usuario u1_0 
        where
            lower(u1_0.email)=lower(?)
]]></system-out>
  </testcase>
</testsuite>